build/app/outputs/mapping/release/mapping.txt
# compiler: R8
# compiler_version: 1.5.64
# min_api: 17
# pg_map_id: 4ca7d73
...
com.google.android.exoplayer2.drm.ExoMediaDrm$ProvisionRequest -> e.b.a.a.l0.o$b:
com.google.android.exoplayer2.drm.FrameworkMediaCrypto -> e.b.a.a.l0.p:
    android.media.MediaCrypto mediaCrypto -> a
    boolean forceAllowInsecureDecoderComponents -> b
    android.media.MediaCrypto getWrappedMediaCrypto() -> a
    boolean requiresSecureDecoderComponent(java.lang.String) -> a
com.google.android.exoplayer2.drm.KeysExpiredException -> e.b.a.a.l0.q:
com.google.android.exoplayer2.drm.MediaDrmCallback -> e.b.a.a.l0.r:
    byte[] executeKeyRequest(java.util.UUID,com.google.android.exoplayer2.drm.ExoMediaDrm$KeyRequest) -> a
    byte[] executeProvisionRequest(java.util.UUID,com.google.android.exoplayer2.drm.ExoMediaDrm$ProvisionRequest) -> a
com.google.android.exoplayer2.drm.WidevineUtil -> e.b.a.a.l0.s:
    long getDurationRemainingSec(java.util.Map,java.lang.String) -> a
    android.util.Pair getLicenseDurationRemainingSec(com.google.android.exoplayer2.drm.DrmSession) -> a
com.google.android.exoplayer2.extractor.BinarySearchSeeker -> e.b.a.a.m0.a:
    com.google.android.exoplayer2.extractor.BinarySearchSeeker$SeekOperationParams seekOperationParams -> c
    com.google.android.exoplayer2.extractor.BinarySearchSeeker$BinarySearchSeekMap seekMap -> a
    int minimumSearchRange -> d
    com.google.android.exoplayer2.extractor.BinarySearchSeeker$TimestampSeeker timestampSeeker -> b
    com.google.android.exoplayer2.extractor.BinarySearchSeeker$SeekOperationParams createSeekParamsForTargetTimeUs(long) -> a
    com.google.android.exoplayer2.extractor.SeekMap getSeekMap() -> a
    int handlePendingSeek(com.google.android.exoplayer2.extractor.ExtractorInput,com.google.android.exoplayer2.extractor.PositionHolder,com.google.android.exoplayer2.extractor.BinarySearchSeeker$OutputFrameHolder) -> a
    void markSeekOperationFinished(boolean,long) -> a
    int seekToPosition(com.google.android.exoplayer2.extractor.ExtractorInput,long,com.google.android.exoplayer2.extractor.PositionHolder) -> a
    boolean skipInputUntilPosition(com.google.android.exoplayer2.extractor.ExtractorInput,long) -> a
    boolean isSeeking() -> b
    void onSeekOperationFinished(boolean,long) -> b
    void setSeekTargetUs(long) -> b
com.google.android.exoplayer2.extractor.BinarySearchSeeker$BinarySearchSeekMap -> e.b.a.a.m0.a$a:
    long ceilingBytePosition -> f
    long floorBytePosition -> e
    long approxBytesPerFrame -> g
    com.google.android.exoplayer2.extractor.BinarySearchSeeker$SeekTimestampConverter seekTimestampConverter -> a
    long durationUs -> b
    long ceilingTimePosition -> d
    long floorTimePosition -> c
    long access$1000(com.google.android.exoplayer2.extractor.BinarySearchSeeker$BinarySearchSeekMap) -> a
    long access$1100(com.google.android.exoplayer2.extractor.BinarySearchSeeker$BinarySearchSeekMap) -> b
    com.google.android.exoplayer2.extractor.SeekMap$SeekPoints getSeekPoints(long) -> b
    boolean isSeekable() -> b
    long access$1200(com.google.android.exoplayer2.extractor.BinarySearchSeeker$BinarySearchSeekMap) -> c
    long timeUsToTargetTime(long) -> c
    long access$1300(com.google.android.exoplayer2.extractor.BinarySearchSeeker$BinarySearchSeekMap) -> d
    long getDurationUs() -> d
    long access$1400(com.google.android.exoplayer2.extractor.BinarySearchSeeker$BinarySearchSeekMap) -> e
com.google.android.exoplayer2.extractor.BinarySearchSeeker$DefaultSeekTimestampConverter -> e.b.a.a.m0.a$b:
    long timeUsToTargetTime(long) -> a
com.google.android.exoplayer2.extractor.BinarySearchSeeker$OutputFrameHolder -> e.b.a.a.m0.a$c: